[12/Jun/2016 11:53:23 ] settings     INFO     Welcome to Hue 3.9.0
[12/Jun/2016 11:53:23 ] appmanager   DEBUG    Loaded Desktop Libraries: aws, hadoop, liboauth, liboozie, libopenid, librdbms, libsaml, libsentry, libsolr, libzookeeper
[12/Jun/2016 11:53:23 ] appmanager   DEBUG    Loaded Desktop Applications: about, beeswax, filebrowser, hbase, help, impala, jobbrowser, jobsub, metastore, oozie, pig, proxy, rdbms, search, security, spark, sqoop, useradmin, zookeeper, indexer, metadata, notebook
[12/Jun/2016 11:53:23 ] settings     DEBUG    Installed Django modules: DesktopModule(aws: aws),DesktopModule(hadoop: hadoop),DesktopModule(liboauth: liboauth),DesktopModule(liboozie: liboozie),DesktopModule(libopenid: libopenid),DesktopModule(librdbms: librdbms),DesktopModule(libsaml: libsaml),DesktopModule(libsentry: libsentry),DesktopModule(libsolr: libsolr),DesktopModule(libzookeeper: libzookeeper),DesktopModule(Hue: desktop),DesktopModule(About: about),DesktopModule(Hive: beeswax),DesktopModule(File Browser: filebrowser),DesktopModule(HBase Browser: hbase),DesktopModule(Help: help),DesktopModule(Impala: impala),DesktopModule(Job Browser: jobbrowser),DesktopModule(Job Designer: jobsub),DesktopModule(Metastore Manager: metastore),DesktopModule(Oozie Editor/Dashboard: oozie),DesktopModule(Pig Editor: pig),DesktopModule(Proxy: proxy),DesktopModule(RDBMS UI: rdbms),DesktopModule(Solr Search: search),DesktopModule(Hadoop Security: security),DesktopModule(Spark: spark),DesktopModule(Sqoop: sqoop),DesktopModule(User Admin: useradmin),DesktopModule(ZooKeeper Browser: zookeeper),DesktopModule(Solr Indexer: indexer),DesktopModule(Metadata: metadata),DesktopModule(Notebook: notebook)
[12/Jun/2016 11:53:23 ] settings     DEBUG    DESKTOP_DB_TEST_NAME SET: /Users/pankajkumar/Desktop/MyRepositories/hue/desktop/desktop-test.db
[12/Jun/2016 11:53:23 ] settings     DEBUG    DESKTOP_DB_TEST_USER SET: hue_test
[12/Jun/2016 09:53:26 -0700] settings     INFO     Welcome to Hue 3.9.0
[12/Jun/2016 09:53:27 -0700] appmanager   DEBUG    Loaded Desktop Libraries: aws, hadoop, liboauth, liboozie, libopenid, librdbms, libsaml, libsentry, libsolr, libzookeeper
[12/Jun/2016 09:53:27 -0700] appmanager   DEBUG    Loaded Desktop Applications: about, beeswax, filebrowser, hbase, help, impala, jobbrowser, jobsub, metastore, oozie, pig, proxy, rdbms, search, security, spark, sqoop, useradmin, zookeeper, indexer, metadata, notebook
[12/Jun/2016 09:53:27 -0700] settings     DEBUG    Installed Django modules: DesktopModule(aws: aws),DesktopModule(hadoop: hadoop),DesktopModule(liboauth: liboauth),DesktopModule(liboozie: liboozie),DesktopModule(libopenid: libopenid),DesktopModule(librdbms: librdbms),DesktopModule(libsaml: libsaml),DesktopModule(libsentry: libsentry),DesktopModule(libsolr: libsolr),DesktopModule(libzookeeper: libzookeeper),DesktopModule(Hue: desktop),DesktopModule(About: about),DesktopModule(Hive: beeswax),DesktopModule(File Browser: filebrowser),DesktopModule(HBase Browser: hbase),DesktopModule(Help: help),DesktopModule(Impala: impala),DesktopModule(Job Browser: jobbrowser),DesktopModule(Job Designer: jobsub),DesktopModule(Metastore Manager: metastore),DesktopModule(Oozie Editor/Dashboard: oozie),DesktopModule(Pig Editor: pig),DesktopModule(Proxy: proxy),DesktopModule(RDBMS UI: rdbms),DesktopModule(Solr Search: search),DesktopModule(Hadoop Security: security),DesktopModule(Spark: spark),DesktopModule(Sqoop: sqoop),DesktopModule(User Admin: useradmin),DesktopModule(ZooKeeper Browser: zookeeper),DesktopModule(Solr Indexer: indexer),DesktopModule(Metadata: metadata),DesktopModule(Notebook: notebook)
[12/Jun/2016 09:53:27 -0700] settings     DEBUG    DESKTOP_DB_TEST_NAME SET: /Users/pankajkumar/Desktop/MyRepositories/hue/desktop/desktop-test.db
[12/Jun/2016 09:53:27 -0700] settings     DEBUG    DESKTOP_DB_TEST_USER SET: hue_test
[12/Jun/2016 09:53:29 -0700] __init__     WARNING  Couldn't import snappy. Support for snappy compression disabled.
[12/Jun/2016 09:53:43 -0700] middleware   INFO     Unloading AuditLoggingMiddleware
[12/Jun/2016 09:53:43 -0700] middleware   INFO     Unloading SpnegoMiddleware
[12/Jun/2016 09:53:43 -0700] middleware   INFO     Unloading HueRemoteUserMiddleware
[12/Jun/2016 09:53:44 -0700] urls         DEBUG    Dynamic pattern: <RegexURLPattern None ^accounts/login/$>
[12/Jun/2016 09:53:44 -0700] urls         DEBUG    Dynamic pattern: <RegexURLPattern None ^accounts/logout/$>
[12/Jun/2016 09:53:44 -0700] urls         DEBUG    Dynamic pattern: <RegexURLPattern None ^profile$>
[12/Jun/2016 09:53:44 -0700] urls         DEBUG    Dynamic pattern: <RegexURLPattern None ^login/oauth/?$>
[12/Jun/2016 09:53:44 -0700] urls         DEBUG    Dynamic pattern: <RegexURLPattern None ^login/oauth_authenticated/?$>
[12/Jun/2016 09:53:44 -0700] urls         DEBUG    Dynamic pattern: <RegexURLPattern None ^home$>
[12/Jun/2016 09:53:44 -0700] urls         DEBUG    Dynamic pattern: <RegexURLPattern None ^home2$>
[12/Jun/2016 09:53:44 -0700] urls         DEBUG    Dynamic pattern: <RegexURLPattern None ^logs$>
[12/Jun/2016 09:53:44 -0700] urls         DEBUG    Dynamic pattern: <RegexURLPattern None ^desktop/dump_config$>
[12/Jun/2016 09:53:44 -0700] urls         DEBUG    Dynamic pattern: <RegexURLPattern None ^desktop/download_logs$>
[12/Jun/2016 09:53:44 -0700] urls         DEBUG    Dynamic pattern: <RegexURLPattern None ^bootstrap.js$>
[12/Jun/2016 09:53:44 -0700] urls         DEBUG    Dynamic pattern: <RegexURLPattern None ^desktop/prefs/(?P<key>\w+)?$>
[12/Jun/2016 09:53:44 -0700] urls         DEBUG    Dynamic pattern: <RegexURLPattern None ^desktop/status_bar/?$>
[12/Jun/2016 09:53:44 -0700] urls         DEBUG    Dynamic pattern: <RegexURLPattern None ^desktop/debug/is_alive$>
[12/Jun/2016 09:53:44 -0700] urls         DEBUG    Dynamic pattern: <RegexURLPattern None ^desktop/debug/threads$>
[12/Jun/2016 09:53:44 -0700] urls         DEBUG    Dynamic pattern: <RegexURLPattern None ^desktop/debug/memory$>
[12/Jun/2016 09:53:44 -0700] urls         DEBUG    Dynamic pattern: <RegexURLPattern None ^desktop/debug/check_config$>
[12/Jun/2016 09:53:44 -0700] urls         DEBUG    Dynamic pattern: <RegexURLPattern None ^desktop/debug/check_config_ajax$>
[12/Jun/2016 09:53:44 -0700] urls         DEBUG    Dynamic pattern: <RegexURLPattern None ^desktop/log_frontend_event$>
[12/Jun/2016 09:53:44 -0700] urls         DEBUG    Dynamic pattern: <RegexURLPattern None ^jasmine>
[12/Jun/2016 09:53:44 -0700] urls         DEBUG    Dynamic pattern: <RegexURLPattern None ^boohoo$>
[12/Jun/2016 09:53:44 -0700] urls         DEBUG    Dynamic pattern: <RegexURLPattern None ^$>
[12/Jun/2016 09:53:44 -0700] urls         DEBUG    Dynamic pattern: <RegexURLPattern None ^desktop/api/tag/add_tag$>
[12/Jun/2016 09:53:44 -0700] urls         DEBUG    Dynamic pattern: <RegexURLPattern None ^desktop/api/tag/remove_tag$>
[12/Jun/2016 09:53:44 -0700] urls         DEBUG    Dynamic pattern: <RegexURLPattern None ^desktop/api/doc/tag$>
[12/Jun/2016 09:53:44 -0700] urls         DEBUG    Dynamic pattern: <RegexURLPattern None ^desktop/api/doc/update_tags$>
[12/Jun/2016 09:53:44 -0700] urls         DEBUG    Dynamic pattern: <RegexURLPattern None ^desktop/api/doc/get$>
[12/Jun/2016 09:53:44 -0700] urls         DEBUG    Dynamic pattern: <RegexURLPattern None ^desktop/api/doc/update_permissions>
[12/Jun/2016 09:53:44 -0700] urls         DEBUG    Dynamic pattern: <RegexURLPattern None ^desktop/api2/docs/?$>
[12/Jun/2016 09:53:44 -0700] urls         DEBUG    Dynamic pattern: <RegexURLPattern None ^desktop/api2/docs/shared?$>
[12/Jun/2016 09:53:44 -0700] urls         DEBUG    Dynamic pattern: <RegexURLPattern None ^desktop/api2/doc/get$>
[12/Jun/2016 09:53:44 -0700] urls         DEBUG    Dynamic pattern: <RegexURLPattern None ^desktop/api2/doc/move$>
[12/Jun/2016 09:53:44 -0700] urls         DEBUG    Dynamic pattern: <RegexURLPattern None ^desktop/api2/doc/mkdir$>
[12/Jun/2016 09:53:44 -0700] urls         DEBUG    Dynamic pattern: <RegexURLPattern None ^desktop/api2/doc/delete$>
[12/Jun/2016 09:53:44 -0700] urls         DEBUG    Dynamic pattern: <RegexURLPattern None ^desktop/api2/doc/share$>
[12/Jun/2016 09:53:44 -0700] urls         DEBUG    Dynamic pattern: <RegexURLPattern None ^desktop/api2/doc/export$>
[12/Jun/2016 09:53:44 -0700] urls         DEBUG    Dynamic pattern: <RegexURLPattern None ^desktop/api2/doc/import$>
[12/Jun/2016 09:53:44 -0700] urls         DEBUG    Dynamic pattern: <RegexURLPattern None ^desktop/api/users/autocomplete>
[12/Jun/2016 09:53:44 -0700] urls         DEBUG    Dynamic pattern: <RegexURLResolver <module 'desktop.lib.metrics.urls' from '/Users/pankajkumar/Desktop/MyRepositories/hue/desktop/core/src/desktop/lib/metrics/urls.pyc'> (None:None) ^desktop/metrics/>
[12/Jun/2016 09:53:44 -0700] urls         DEBUG    Dynamic pattern: <RegexURLResolver <RegexURLPattern list> (admin:admin) ^admin/>
[12/Jun/2016 09:53:44 -0700] urls         DEBUG    Dynamic pattern: <RegexURLResolver <module 'about.urls' from '/Users/pankajkumar/Desktop/MyRepositories/hue/apps/about/src/about/urls.pyc'> (about:about) ^about/>
[12/Jun/2016 09:53:44 -0700] urls         DEBUG    Dynamic pattern: <RegexURLResolver <module 'beeswax.urls' from '/Users/pankajkumar/Desktop/MyRepositories/hue/apps/beeswax/src/beeswax/urls.pyc'> (beeswax:beeswax) ^beeswax/>
[12/Jun/2016 09:53:44 -0700] urls         DEBUG    Dynamic pattern: <RegexURLResolver <module 'filebrowser.urls' from '/Users/pankajkumar/Desktop/MyRepositories/hue/apps/filebrowser/src/filebrowser/urls.pyc'> (None:None) ^filebrowser/>
[12/Jun/2016 09:53:44 -0700] urls         DEBUG    Dynamic pattern: <RegexURLResolver <module 'hbase.urls' from '/Users/pankajkumar/Desktop/MyRepositories/hue/apps/hbase/src/hbase/urls.pyc'> (hbase:hbase) ^hbase/>
[12/Jun/2016 09:53:44 -0700] urls         DEBUG    Dynamic pattern: <RegexURLResolver <module 'help.urls' from '/Users/pankajkumar/Desktop/MyRepositories/hue/apps/help/src/help/urls.pyc'> (None:None) ^help/>
[12/Jun/2016 09:53:44 -0700] urls         DEBUG    Dynamic pattern: <RegexURLResolver <module 'impala.urls' from '/Users/pankajkumar/Desktop/MyRepositories/hue/apps/impala/src/impala/urls.pyc'> (impala:impala) ^impala/>
[12/Jun/2016 09:53:44 -0700] urls         DEBUG    Dynamic pattern: <RegexURLResolver <module 'jobbrowser.urls' from '/Users/pankajkumar/Desktop/MyRepositories/hue/apps/jobbrowser/src/jobbrowser/urls.pyc'> (None:None) ^jobbrowser/>
[12/Jun/2016 09:53:44 -0700] urls         DEBUG    Dynamic pattern: <RegexURLResolver <module 'jobsub.urls' from '/Users/pankajkumar/Desktop/MyRepositories/hue/apps/jobsub/src/jobsub/urls.pyc'> (None:None) ^jobsub/>
[12/Jun/2016 09:53:44 -0700] urls         DEBUG    Dynamic pattern: <RegexURLResolver <module 'metastore.urls' from '/Users/pankajkumar/Desktop/MyRepositories/hue/apps/metastore/src/metastore/urls.pyc'> (metastore:metastore) ^metastore/>
[12/Jun/2016 09:53:44 -0700] urls         DEBUG    Dynamic pattern: <RegexURLResolver <module 'oozie.urls' from '/Users/pankajkumar/Desktop/MyRepositories/hue/apps/oozie/src/oozie/urls.pyc'> (oozie:oozie) ^oozie/>
[12/Jun/2016 09:53:44 -0700] urls         DEBUG    Dynamic pattern: <RegexURLResolver <module 'pig.urls' from '/Users/pankajkumar/Desktop/MyRepositories/hue/apps/pig/src/pig/urls.pyc'> (pig:pig) ^pig/>
[12/Jun/2016 09:53:44 -0700] urls         DEBUG    Dynamic pattern: <RegexURLResolver <module 'proxy.urls' from '/Users/pankajkumar/Desktop/MyRepositories/hue/apps/proxy/src/proxy/urls.pyc'> (None:None) ^proxy/>
[12/Jun/2016 09:53:44 -0700] urls         DEBUG    Dynamic pattern: <RegexURLResolver <module 'rdbms.urls' from '/Users/pankajkumar/Desktop/MyRepositories/hue/apps/rdbms/src/rdbms/urls.pyc'> (rdbms:rdbms) ^rdbms/>
[12/Jun/2016 09:53:44 -0700] urls         DEBUG    Dynamic pattern: <RegexURLResolver <module 'search.urls' from '/Users/pankajkumar/Desktop/MyRepositories/hue/apps/search/src/search/urls.pyc'> (search:search) ^search/>
[12/Jun/2016 09:53:44 -0700] urls         DEBUG    Dynamic pattern: <RegexURLResolver <module 'security.urls' from '/Users/pankajkumar/Desktop/MyRepositories/hue/apps/security/src/security/urls.pyc'> (security:security) ^security/>
[12/Jun/2016 09:53:44 -0700] urls         DEBUG    Dynamic pattern: <RegexURLResolver <module 'spark.urls' from '/Users/pankajkumar/Desktop/MyRepositories/hue/apps/spark/src/spark/urls.pyc'> (spark:spark) ^spark/>
[12/Jun/2016 09:53:44 -0700] urls         DEBUG    Dynamic pattern: <RegexURLResolver <module 'sqoop.urls' from '/Users/pankajkumar/Desktop/MyRepositories/hue/apps/sqoop/src/sqoop/urls.pyc'> (sqoop:sqoop) ^sqoop/>
[12/Jun/2016 09:53:44 -0700] urls         DEBUG    Dynamic pattern: <RegexURLResolver <module 'useradmin.urls' from '/Users/pankajkumar/Desktop/MyRepositories/hue/apps/useradmin/src/useradmin/urls.pyc'> (None:None) ^useradmin/>
[12/Jun/2016 09:53:44 -0700] urls         DEBUG    Dynamic pattern: <RegexURLResolver <module 'zookeeper.urls' from '/Users/pankajkumar/Desktop/MyRepositories/hue/apps/zookeeper/src/zookeeper/urls.pyc'> (zookeeper:zookeeper) ^zookeeper/>
[12/Jun/2016 09:53:44 -0700] urls         DEBUG    Dynamic pattern: <RegexURLResolver <module 'indexer.urls' from '/Users/pankajkumar/Desktop/MyRepositories/hue/desktop/libs/indexer/src/indexer/urls.pyc'> (indexer:indexer) ^indexer/>
[12/Jun/2016 09:53:44 -0700] urls         DEBUG    Dynamic pattern: <RegexURLResolver <module 'metadata.urls' from '/Users/pankajkumar/Desktop/MyRepositories/hue/desktop/libs/metadata/src/metadata/urls.pyc'> (metadata:metadata) ^metadata/>
[12/Jun/2016 09:53:44 -0700] urls         DEBUG    Dynamic pattern: <RegexURLResolver <module 'notebook.urls' from '/Users/pankajkumar/Desktop/MyRepositories/hue/desktop/libs/notebook/src/notebook/urls.pyc'> (notebook:notebook) ^notebook/>
[12/Jun/2016 09:53:44 -0700] urls         DEBUG    Static pattern: ('^static\\/(?P<path>.*)$', 'django.views.static.serve', {'document_root': '/Users/pankajkumar/Desktop/MyRepositories/hue/build/static'})
[12/Jun/2016 09:53:44 -0700] decorators   INFO     AXES: BEGIN LOG
[12/Jun/2016 09:53:44 -0700] decorators   INFO     Using django-axes 1.4.0
[12/Jun/2016 09:53:44 -0700] middleware   INFO     Redirecting to login page: /
[12/Jun/2016 09:53:44 -0700] access       INFO     127.0.0.1 -anon- - "GET / HTTP/1.1" -- login redirection
[12/Jun/2016 09:53:44 -0700] access       DEBUG    127.0.0.1 -anon- - "GET /accounts/login/ HTTP/1.1"
[12/Jun/2016 09:53:44 -0700] webhdfs      DEBUG    Initializing Hadoop WebHdfs: http://localhost:50070/webhdfs/v1 (security: False, superuser: None)
[12/Jun/2016 09:53:44 -0700] decorators   INFO     AXES: Calling decorated function: dt_login
[12/Jun/2016 09:53:47 -0700] middleware   INFO     Unloading AuditLoggingMiddleware
[12/Jun/2016 09:53:47 -0700] middleware   INFO     Unloading SpnegoMiddleware
[12/Jun/2016 09:53:47 -0700] middleware   INFO     Unloading HueRemoteUserMiddleware
[12/Jun/2016 09:54:45 -0700] access       DEBUG    127.0.0.1 -anon- - "POST /accounts/login/ HTTP/1.1"
[12/Jun/2016 09:54:45 -0700] decorators   INFO     AXES: Calling decorated function: dt_login
[12/Jun/2016 09:54:45 -0700] models       WARNING  /Users/pankajkumar/Desktop/MyRepositories/hue/build/env/lib/python2.7/site-packages/django_axes-1.4.0-py2.7.egg/axes/decorators.py:210: DeprecationWarning: The use of AUTH_PROFILE_MODULE to define user profiles has been deprecated.
  profile = user.get_profile()

[12/Jun/2016 09:54:46 -0700] backend      INFO     Augmenting users with class: <class 'desktop.auth.backend.DefaultUserAugmentor'>
[12/Jun/2016 09:54:46 -0700] access       WARNING  127.0.0.1 pankajk - "POST /accounts/login/ HTTP/1.1" -- Successful login for user: pankajk
[12/Jun/2016 09:54:46 -0700] access       INFO     127.0.0.1 pankajk - "GET / HTTP/1.1"
[12/Jun/2016 09:54:46 -0700] access       DEBUG    127.0.0.1 pankajk - "GET /about/ HTTP/1.1"
[12/Jun/2016 09:54:47 -0700] decorators   INFO     AXES: Calling decorated function: dt_login
[12/Jun/2016 09:54:47 -0700] decorators   INFO     args: (True,)
[12/Jun/2016 09:54:47 -0700] access       INFO     127.0.0.1 pankajk - "GET /jobbrowser/ HTTP/1.1"
[12/Jun/2016 09:54:47 -0700] connectionpool INFO     Starting new HTTP connection (1): localhost
[12/Jun/2016 09:54:47 -0700] cluster      INFO     Resource Manager not available, trying another RM: ('Connection aborted.', error(61, 'Connection refused')).
[12/Jun/2016 09:54:47 -0700] access       INFO     127.0.0.1 pankajk - "GET /desktop/debug/check_config HTTP/1.1"
[12/Jun/2016 09:54:47 -0700] webhdfs      DEBUG    Initializing Hadoop WebHdfs: http://localhost:50070/webhdfs/v1 (security: False, superuser: None)
[12/Jun/2016 09:54:47 -0700] middleware   INFO     Processing exception: Resource Manager cannot be contacted or might be down.: Traceback (most recent call last):
  File "/Users/pankajkumar/Desktop/MyRepositories/hue/build/env/lib/python2.7/site-packages/Django-1.6.10-py2.7.egg/django/core/handlers/base.py", line 112, in get_response
    response = wrapped_callback(request, *callback_args, **callback_kwargs)
  File "/Users/pankajkumar/Desktop/MyRepositories/hue/build/env/lib/python2.7/site-packages/Django-1.6.10-py2.7.egg/django/db/transaction.py", line 371, in inner
    return func(*args, **kwargs)
  File "/Users/pankajkumar/Desktop/MyRepositories/hue/apps/jobbrowser/src/jobbrowser/views.py", line 119, in jobs
    raise PopupException(_('Resource Manager cannot be contacted or might be down.'))
PopupException: Resource Manager cannot be contacted or might be down.

[12/Jun/2016 09:54:47 -0700] connectionpool INFO     Starting new HTTP connection (1): localhost
[12/Jun/2016 09:54:47 -0700] webhdfs      ERROR    Failed to determine superuser of WebHdfs at http://localhost:50070/webhdfs/v1: ('Connection aborted.', error(61, 'Connection refused'))
Traceback (most recent call last):
  File "/Users/pankajkumar/Desktop/MyRepositories/hue/desktop/libs/hadoop/src/hadoop/fs/webhdfs.py", line 149, in superuser
    sb = self.stats('/')
  File "/Users/pankajkumar/Desktop/MyRepositories/hue/desktop/libs/hadoop/src/hadoop/fs/webhdfs.py", line 236, in stats
    res = self._stats(path)
  File "/Users/pankajkumar/Desktop/MyRepositories/hue/desktop/libs/hadoop/src/hadoop/fs/webhdfs.py", line 230, in _stats
    raise ex
WebHdfsException: ('Connection aborted.', error(61, 'Connection refused'))
[12/Jun/2016 09:54:47 -0700] connectionpool INFO     Starting new HTTP connection (2): localhost
[12/Jun/2016 09:54:47 -0700] webhdfs      INFO     WebHdfs at http://localhost:50070/webhdfs/v1 -- Validation error: ('Connection aborted.', error(61, 'Connection refused'))
[12/Jun/2016 09:54:47 -0700] connectionpool INFO     Starting new HTTP connection (2): localhost
[12/Jun/2016 09:54:47 -0700] cluster      INFO     Resource Manager not available, trying another RM: ('Connection aborted.', error(61, 'Connection refused')).
[12/Jun/2016 09:54:47 -0700] conf         ERROR    Failed to contact an active Resource Manager: ('Connection aborted.', error(61, 'Connection refused'))
Traceback (most recent call last):
  File "/Users/pankajkumar/Desktop/MyRepositories/hue/desktop/libs/hadoop/src/hadoop/conf.py", line 216, in test_yarn_configurations
    get_api(user, None).get_jobs(user, username=user.username, state='all', text='')
  File "/Users/pankajkumar/Desktop/MyRepositories/hue/desktop/libs/hadoop/src/hadoop/cluster.py", line 76, in decorate
    raise ex
RestException: ('Connection aborted.', error(61, 'Connection refused'))
[12/Jun/2016 09:54:47 -0700] connectionpool INFO     Starting new HTTP connection (1): localhost
[12/Jun/2016 09:54:47 -0700] conf         ERROR    failed to get oozie status
Traceback (most recent call last):
  File "/Users/pankajkumar/Desktop/MyRepositories/hue/desktop/libs/liboozie/src/liboozie/conf.py", line 61, in get_oozie_status
    status = str(get_oozie(user).get_oozie_status())
  File "/Users/pankajkumar/Desktop/MyRepositories/hue/desktop/libs/liboozie/src/liboozie/oozie_api.py", line 325, in get_oozie_status
    resp = self._root.get('admin/status', params)
  File "/Users/pankajkumar/Desktop/MyRepositories/hue/desktop/core/src/desktop/lib/rest/resource.py", line 98, in get
    return self.invoke("GET", relpath, params, headers=headers, allow_redirects=True)
  File "/Users/pankajkumar/Desktop/MyRepositories/hue/desktop/core/src/desktop/lib/rest/resource.py", line 79, in invoke
    urlencode=self._urlencode)
  File "/Users/pankajkumar/Desktop/MyRepositories/hue/desktop/core/src/desktop/lib/rest/http_client.py", line 163, in execute
    raise self._exc_class(ex)
RestException: ('Connection aborted.', error(61, 'Connection refused'))
[12/Jun/2016 09:54:47 -0700] connectionpool INFO     Starting new HTTP connection (1): localhost
[12/Jun/2016 09:54:47 -0700] views        ERROR    Error in config validation by liboozie: ('Connection aborted.', error(61, 'Connection refused'))
Traceback (most recent call last):
  File "/Users/pankajkumar/Desktop/MyRepositories/hue/desktop/core/src/desktop/views.py", line 472, in _get_config_errors
    for confvar, error in validator(request.user):
  File "/Users/pankajkumar/Desktop/MyRepositories/hue/desktop/libs/liboozie/src/liboozie/conf.py", line 86, in config_validator
    intrumentation = api.get_instrumentation()
  File "/Users/pankajkumar/Desktop/MyRepositories/hue/desktop/libs/liboozie/src/liboozie/oozie_api.py", line 304, in get_instrumentation
    resp = self._root.get('admin/instrumentation', params)
  File "/Users/pankajkumar/Desktop/MyRepositories/hue/desktop/core/src/desktop/lib/rest/resource.py", line 98, in get
    return self.invoke("GET", relpath, params, headers=headers, allow_redirects=True)
  File "/Users/pankajkumar/Desktop/MyRepositories/hue/desktop/core/src/desktop/lib/rest/resource.py", line 79, in invoke
    urlencode=self._urlencode)
  File "/Users/pankajkumar/Desktop/MyRepositories/hue/desktop/core/src/desktop/lib/rest/http_client.py", line 163, in execute
    raise self._exc_class(ex)
RestException: ('Connection aborted.', error(61, 'Connection refused'))
[12/Jun/2016 09:54:47 -0700] dbms         DEBUG    Query Server: {'server_name': 'beeswax', 'transport_mode': 'socket', 'server_host': 'localhost', 'server_port': 10000, 'auth_password_used': False, 'http_url': 'http://localhost:10001/cliservice', 'auth_username': 'hue', 'principal': None}
[12/Jun/2016 09:54:47 -0700] hive_server2_lib INFO     use_sasl=True, mechanism=PLAIN, kerberos_principal_short_name=None, impersonation_enabled=False, auth_username=hue
[12/Jun/2016 09:54:47 -0700] hive_server2_lib INFO     Opening beeswax thrift session for user pankajk
[12/Jun/2016 09:54:47 -0700] thrift_util  INFO     Thrift exception; retrying: Could not connect to localhost:10000
[12/Jun/2016 09:54:47 -0700] thrift_util  INFO     Thrift exception; retrying: Could not connect to localhost:10000
[12/Jun/2016 09:54:48 -0700] thrift_util  WARNING  Out of retries for thrift call: OpenSession
[12/Jun/2016 09:54:48 -0700] thrift_util  INFO     Thrift saw a transport exception: Could not connect to localhost:10000
[12/Jun/2016 09:54:48 -0700] conf         ERROR    The application won't work without a running HiveServer2.
Traceback (most recent call last):
  File "/Users/pankajkumar/Desktop/MyRepositories/hue/apps/beeswax/src/beeswax/conf.py", line 216, in config_validator
    raise e
StructuredThriftTransportException: Could not connect to localhost:10000 (code THRIFTTRANSPORT): TTransportException('Could not connect to localhost:10000',)
[12/Jun/2016 09:54:48 -0700] connectionpool INFO     Starting new HTTP connection (1): localhost
[12/Jun/2016 09:54:48 -0700] conf         ERROR    Failed to access Hive warehouse: /user/hive/warehouse
Traceback (most recent call last):
  File "/Users/pankajkumar/Desktop/MyRepositories/hue/apps/beeswax/src/beeswax/conf.py", line 226, in config_validator
    fs.stats(warehouse)
  File "/Users/pankajkumar/Desktop/MyRepositories/hue/desktop/core/src/desktop/lib/fs/proxyfs.py", line 102, in stats
    return self._get_fs(path).stats(path)
  File "/Users/pankajkumar/Desktop/MyRepositories/hue/desktop/libs/hadoop/src/hadoop/fs/webhdfs.py", line 236, in stats
    res = self._stats(path)
  File "/Users/pankajkumar/Desktop/MyRepositories/hue/desktop/libs/hadoop/src/hadoop/fs/webhdfs.py", line 230, in _stats
    raise ex
WebHdfsException: ('Connection aborted.', error(61, 'Connection refused'))
[12/Jun/2016 09:54:48 -0700] api          ERROR    failed to load the HBase clusters
Traceback (most recent call last):
  File "/Users/pankajkumar/Desktop/MyRepositories/hue/apps/hbase/src/hbase/api.py", line 64, in getClusters
    full_config = json.loads(conf.HBASE_CLUSTERS.get().replace("'", "\""))
  File "/System/Library/Frameworks/Python.framework/Versions/2.7/lib/python2.7/json/__init__.py", line 338, in loads
    return _default_decoder.decode(s)
  File "/System/Library/Frameworks/Python.framework/Versions/2.7/lib/python2.7/json/decoder.py", line 366, in decode
    obj, end = self.raw_decode(s, idx=_w(s, 0).end())
  File "/System/Library/Frameworks/Python.framework/Versions/2.7/lib/python2.7/json/decoder.py", line 384, in raw_decode
    raise ValueError("No JSON object could be decoded")
ValueError: No JSON object could be decoded
[12/Jun/2016 09:54:48 -0700] api          ERROR    failed to load the HBase clusters
Traceback (most recent call last):
  File "/Users/pankajkumar/Desktop/MyRepositories/hue/apps/hbase/src/hbase/api.py", line 64, in getClusters
    full_config = json.loads(conf.HBASE_CLUSTERS.get().replace("'", "\""))
  File "/System/Library/Frameworks/Python.framework/Versions/2.7/lib/python2.7/json/__init__.py", line 338, in loads
    return _default_decoder.decode(s)
  File "/System/Library/Frameworks/Python.framework/Versions/2.7/lib/python2.7/json/decoder.py", line 366, in decode
    obj, end = self.raw_decode(s, idx=_w(s, 0).end())
  File "/System/Library/Frameworks/Python.framework/Versions/2.7/lib/python2.7/json/decoder.py", line 384, in raw_decode
    raise ValueError("No JSON object could be decoded")
ValueError: No JSON object could be decoded
[12/Jun/2016 09:54:48 -0700] api          ERROR    failed to load the HBase clusters
Traceback (most recent call last):
  File "/Users/pankajkumar/Desktop/MyRepositories/hue/apps/hbase/src/hbase/api.py", line 64, in getClusters
    full_config = json.loads(conf.HBASE_CLUSTERS.get().replace("'", "\""))
  File "/System/Library/Frameworks/Python.framework/Versions/2.7/lib/python2.7/json/__init__.py", line 338, in loads
    return _default_decoder.decode(s)
  File "/System/Library/Frameworks/Python.framework/Versions/2.7/lib/python2.7/json/decoder.py", line 366, in decode
    obj, end = self.raw_decode(s, idx=_w(s, 0).end())
  File "/System/Library/Frameworks/Python.framework/Versions/2.7/lib/python2.7/json/decoder.py", line 384, in raw_decode
    raise ValueError("No JSON object could be decoded")
ValueError: No JSON object could be decoded
[12/Jun/2016 09:54:48 -0700] thrift_util  INFO     Thrift exception; retrying: Could not connect to localhost:9090
[12/Jun/2016 09:54:48 -0700] thrift_util  INFO     Thrift exception; retrying: Could not connect to localhost:9090
[12/Jun/2016 09:54:48 -0700] thrift_util  WARNING  Out of retries for thrift call: getTableNames
[12/Jun/2016 09:54:48 -0700] thrift_util  INFO     Thrift saw a transport exception: Could not connect to localhost:9090
[12/Jun/2016 09:54:48 -0700] conf         ERROR    The application won't work without a running HBase Thrift Server v1.
Traceback (most recent call last):
  File "/Users/pankajkumar/Desktop/MyRepositories/hue/apps/hbase/src/hbase/conf.py", line 81, in config_validator
    api.getTableList(cluster_name)
  File "/Users/pankajkumar/Desktop/MyRepositories/hue/apps/hbase/src/hbase/api.py", line 140, in getTableList
    return [{'name': name, 'enabled': client.isTableEnabled(name, doas=self.user.username)} for name in client.getTableNames(doas=self.user.username)]
  File "/Users/pankajkumar/Desktop/MyRepositories/hue/desktop/core/src/desktop/lib/thrift_util.py", line 378, in wrapper
    raise StructuredThriftTransportException(e, error_code=502)
StructuredThriftTransportException: Could not connect to localhost:9090 (code THRIFTTRANSPORT): TTransportException('Could not connect to localhost:9090',)
[12/Jun/2016 09:54:48 -0700] dbms         DEBUG    Query Server: {'SESSION_TIMEOUT_S': 43200, 'QUERY_TIMEOUT_S': 600, 'server_name': 'impala', 'server_host': 'localhost', 'querycache_rows': 50000, 'server_port': 21050, 'auth_password_used': False, 'impersonation_enabled': False, 'auth_username': 'hue', 'principal': 'impala/pankajs-macbook-pro.local'}
[12/Jun/2016 09:54:48 -0700] dbms         DEBUG    Query Server: {'SESSION_TIMEOUT_S': 43200, 'QUERY_TIMEOUT_S': 600, 'server_name': 'impala', 'server_host': 'localhost', 'querycache_rows': 50000, 'server_port': 21050, 'auth_password_used': False, 'impersonation_enabled': False, 'auth_username': 'hue', 'principal': 'impala/pankajs-macbook-pro.local'}
[12/Jun/2016 09:54:48 -0700] hive_server2_lib INFO     use_sasl=False, mechanism=GSSAPI, kerberos_principal_short_name=impala, impersonation_enabled=False, auth_username=hue
[12/Jun/2016 09:54:48 -0700] hive_server2_lib INFO     Opening impala thrift session for user pankajk
[12/Jun/2016 09:54:48 -0700] thrift_util  INFO     Thrift exception; retrying: Could not connect to localhost:21050
[12/Jun/2016 09:54:48 -0700] thrift_util  INFO     Thrift exception; retrying: Could not connect to localhost:21050
[12/Jun/2016 09:54:48 -0700] thrift_util  WARNING  Out of retries for thrift call: OpenSession
[12/Jun/2016 09:54:48 -0700] thrift_util  INFO     Thrift saw a transport exception: Could not connect to localhost:21050
[12/Jun/2016 09:54:48 -0700] conf         ERROR    No available Impalad to send queries to.
Traceback (most recent call last):
  File "/Users/pankajkumar/Desktop/MyRepositories/hue/apps/impala/src/impala/conf.py", line 186, in config_validator
    raise ex
StructuredThriftTransportException: Could not connect to localhost:21050 (code THRIFTTRANSPORT): TTransportException('Could not connect to localhost:21050',)
[12/Jun/2016 09:54:48 -0700] connectionpool INFO     Starting new HTTP connection (1): localhost
[12/Jun/2016 09:54:48 -0700] conf         ERROR    failed to get oozie status
Traceback (most recent call last):
  File "/Users/pankajkumar/Desktop/MyRepositories/hue/desktop/libs/liboozie/src/liboozie/conf.py", line 61, in get_oozie_status
    status = str(get_oozie(user).get_oozie_status())
  File "/Users/pankajkumar/Desktop/MyRepositories/hue/desktop/libs/liboozie/src/liboozie/oozie_api.py", line 325, in get_oozie_status
    resp = self._root.get('admin/status', params)
  File "/Users/pankajkumar/Desktop/MyRepositories/hue/desktop/core/src/desktop/lib/rest/resource.py", line 98, in get
    return self.invoke("GET", relpath, params, headers=headers, allow_redirects=True)
  File "/Users/pankajkumar/Desktop/MyRepositories/hue/desktop/core/src/desktop/lib/rest/resource.py", line 79, in invoke
    urlencode=self._urlencode)
  File "/Users/pankajkumar/Desktop/MyRepositories/hue/desktop/core/src/desktop/lib/rest/http_client.py", line 163, in execute
    raise self._exc_class(ex)
RestException: ('Connection aborted.', error(61, 'Connection refused'))
[12/Jun/2016 09:54:48 -0700] connectionpool INFO     Starting new HTTP connection (1): localhost
[12/Jun/2016 09:54:48 -0700] conf         ERROR    failed to get oozie status
Traceback (most recent call last):
  File "/Users/pankajkumar/Desktop/MyRepositories/hue/desktop/libs/liboozie/src/liboozie/conf.py", line 61, in get_oozie_status
    status = str(get_oozie(user).get_oozie_status())
  File "/Users/pankajkumar/Desktop/MyRepositories/hue/desktop/libs/liboozie/src/liboozie/oozie_api.py", line 325, in get_oozie_status
    resp = self._root.get('admin/status', params)
  File "/Users/pankajkumar/Desktop/MyRepositories/hue/desktop/core/src/desktop/lib/rest/resource.py", line 98, in get
    return self.invoke("GET", relpath, params, headers=headers, allow_redirects=True)
  File "/Users/pankajkumar/Desktop/MyRepositories/hue/desktop/core/src/desktop/lib/rest/resource.py", line 79, in invoke
    urlencode=self._urlencode)
  File "/Users/pankajkumar/Desktop/MyRepositories/hue/desktop/core/src/desktop/lib/rest/http_client.py", line 163, in execute
    raise self._exc_class(ex)
RestException: ('Connection aborted.', error(61, 'Connection refused'))
[12/Jun/2016 09:54:48 -0700] connectionpool INFO     Starting new HTTP connection (1): localhost
[12/Jun/2016 09:54:48 -0700] conf         ERROR    failed to get spark status
Traceback (most recent call last):
  File "/Users/pankajkumar/Desktop/MyRepositories/hue/apps/spark/src/spark/conf.py", line 92, in get_spark_status
    get_api(user).get_status()
  File "/Users/pankajkumar/Desktop/MyRepositories/hue/apps/spark/src/spark/job_server_api.py", line 84, in get_status
    return self._root.get('sessions')
  File "/Users/pankajkumar/Desktop/MyRepositories/hue/desktop/core/src/desktop/lib/rest/resource.py", line 98, in get
    return self.invoke("GET", relpath, params, headers=headers, allow_redirects=True)
  File "/Users/pankajkumar/Desktop/MyRepositories/hue/desktop/core/src/desktop/lib/rest/resource.py", line 79, in invoke
    urlencode=self._urlencode)
  File "/Users/pankajkumar/Desktop/MyRepositories/hue/desktop/core/src/desktop/lib/rest/http_client.py", line 163, in execute
    raise self._exc_class(ex)
RestException: ('Connection aborted.', error(61, 'Connection refused'))
